<?xml version="1.0" encoding="UTF-8"?>
<TestRun id="be431f72-9d63-48ec-8a93-76e844a2ff54" name="abhishekchandel@ABHISHEK3785 2017-09-12 17:03:09" runUser="NAGARRO\abhishekchandel" xmlns="http://microsoft.com/schemas/VisualStudio/TeamTest/2010">
  <TestSettings name="Default Test Settings" id="510b96cb-b92f-4b08-b9af-34ecf07af19c">
    <Execution>
      <TestTypeSpecific />
      <AgentRule name="Execution Agents">
      </AgentRule>
    </Execution>
    <Deployment runDeploymentRoot="abhishekchandel_ABHISHEK3785 2017-09-12 17_03_09" />
    <Properties />
  </TestSettings>
  <Times creation="2017-09-12T17:03:09.3981178+05:30" queuing="2017-09-12T17:03:09.6811461+05:30" start="2017-09-12T17:03:09.8291609+05:30" finish="2017-09-12T17:03:09.9141694+05:30" />
  <ResultSummary outcome="Completed">
    <Counters total="1" executed="1" passed="1" error="0" failed="0" timeout="0" aborted="0" inconclusive="0" passedButRunAborted="0" notRunnable="0" notExecuted="0" disconnected="0" warning="0" completed="0" inProgress="0" pending="0" />
  </ResultSummary>
  <TestDefinitions>
    <UnitTest name="TestMethod1" storage="d:\nagp\devops\teamcitytest\unittest\bin\debug\unittest.dll" id="553fd5d3-2faf-816c-74d6-52c42621b9dc">
      <Execution timeOut="1800000" id="d2282cfb-84be-4208-9d9c-012936d8c8de" />
      <TestMethod codeBase="D:/nagp/devops/teamcitytest/UnitTest/bin/Debug/UnitTest.dll" adapterTypeName="Microsoft.VisualStudio.TestTools.TestTypes.Unit.UnitTestAdapter, Microsoft.VisualStudio.QualityTools.Tips.UnitTest.Adapter, Version=14.0.0.0, Culture=neutral, PublicKeyToken=b03f5f7f11d50a3a" className="UnitTest.UnitTest, UnitTest, Version=1.0.0.0, Culture=neutral, PublicKeyToken=null" name="TestMethod1" />
    </UnitTest>
  </TestDefinitions>
  <TestLists>
    <TestList name="Results Not in a List" id="8c84fa94-04c1-424b-9868-57a2d4851a1d" />
    <TestList name="All Loaded Results" id="19431567-8539-422a-85d7-44ee4e166bda" />
  </TestLists>
  <TestEntries>
    <TestEntry testId="553fd5d3-2faf-816c-74d6-52c42621b9dc" executionId="d2282cfb-84be-4208-9d9c-012936d8c8de" testListId="8c84fa94-04c1-424b-9868-57a2d4851a1d" />
  </TestEntries>
  <Results>
    <UnitTestResult executionId="d2282cfb-84be-4208-9d9c-012936d8c8de" testId="553fd5d3-2faf-816c-74d6-52c42621b9dc" testName="TestMethod1" computerName="ABHISHEK3785" duration="00:00:00.0010639" startTime="2017-09-12T17:03:09.8651645+05:30" endTime="2017-09-12T17:03:09.8781658+05:30" testType="13cdc9d9-ddb5-4fa4-a97d-d965ccfc6d4b" outcome="Passed" testListId="8c84fa94-04c1-424b-9868-57a2d4851a1d" relativeResultsDirectory="d2282cfb-84be-4208-9d9c-012936d8c8de">
    </UnitTestResult>
  </Results>
</TestRun>